[DEBUG] 2017-07-08 00:35:24.937 - debug - blah blah crap whatever
[INFO ] 2017-07-08 00:35:24.942 - info - I am curious to know about this
[WARN ] 2017-07-08 00:35:24.943 - warn - oh oh, something not good just happened
[ERROR] 2017-07-08 00:35:24.944 - error! - run for your life!!!!
[DEBUG] 2017-07-08 00:35:27.485 - debug - blah blah crap whatever
[INFO ] 2017-07-08 00:35:27.487 - info - I am curious to know about this
[WARN ] 2017-07-08 00:35:27.487 - warn - oh oh, something not good just happened
[ERROR] 2017-07-08 00:35:27.487 - error! - run for your life!!!!
[DEBUG] 2017-07-08 00:35:30.601 - debug - blah blah crap whatever
[INFO ] 2017-07-08 00:35:30.601 - info - I am curious to know about this
[WARN ] 2017-07-08 00:35:30.602 - warn - oh oh, something not good just happened
[ERROR] 2017-07-08 00:35:30.602 - error! - run for your life!!!!
[DEBUG] 2017-07-08 00:36:07.562 - debug - blah blah crap whatever
[INFO ] 2017-07-08 00:36:07.562 - info - I am curious to know about this
[WARN ] 2017-07-08 00:36:07.563 - warn - oh oh, something not good just happened
[ERROR] 2017-07-08 00:36:07.563 - error! - run for your life!!!!
[DEBUG] 2017-07-08 00:36:21.806 - debug - blah blah crap whatever
[INFO ] 2017-07-08 00:36:21.816 - info - I am curious to know about this
[WARN ] 2017-07-08 00:36:21.818 - warn - oh oh, something not good just happened
[ERROR] 2017-07-08 00:36:21.820 - error! - run for your life!!!!
[DEBUG] 2017-07-08 01:00:32.798 - debug - blah blah crap whatever
[INFO ] 2017-07-08 01:00:32.809 - info - I am curious to know about this
[WARN ] 2017-07-08 01:00:32.811 - warn - oh oh, something not good just happened
[ERROR] 2017-07-08 01:00:32.812 - error! - run for your life!!!!
[DEBUG] 2017-07-08 07:31:54.054 - debug - blah blah crap whatever
[INFO ] 2017-07-08 07:31:54.062 - info - I am curious to know about this
[WARN ] 2017-07-08 07:31:54.065 - warn - oh oh, something not good just happened
[ERROR] 2017-07-08 07:31:54.073 - error! - run for your life!!!!
[DEBUG] 2017-07-08 07:34:44.198 - debug - blah blah crap whatever
[INFO ] 2017-07-08 07:34:44.203 - info - I am curious to know about this
[WARN ] 2017-07-08 07:34:44.205 - warn - oh oh, something not good just happened
[ERROR] 2017-07-08 07:34:44.207 - error! - run for your life!!!!
[DEBUG] 2017-07-08 07:36:01.417 - debug - blah blah crap whatever
[INFO ] 2017-07-08 07:36:01.424 - info - I am curious to know about this
[WARN ] 2017-07-08 07:36:01.427 - warn - oh oh, something not good just happened
[ERROR] 2017-07-08 07:36:01.429 - error! - run for your life!!!!
[DEBUG] 2017-07-08 07:36:04.638 - debug - blah blah crap whatever
[INFO ] 2017-07-08 07:36:04.639 - info - I am curious to know about this
[WARN ] 2017-07-08 07:36:04.639 - warn - oh oh, something not good just happened
[ERROR] 2017-07-08 07:36:04.639 - error! - run for your life!!!!
[DEBUG] 2017-07-08 07:49:31.314 - debug - blah blah crap whatever
[INFO ] 2017-07-08 07:49:31.326 - info - I am curious to know about this
[WARN ] 2017-07-08 07:49:31.326 - warn - oh oh, something not good just happened
[ERROR] 2017-07-08 07:49:31.327 - error! - run for your life!!!!
[DEBUG] 2017-07-08 07:51:55.032 - debug - blah blah crap whatever
[INFO ] 2017-07-08 07:51:55.041 - info - I am curious to know about this
[WARN ] 2017-07-08 07:51:55.045 - warn - oh oh, something not good just happened
[ERROR] 2017-07-08 07:51:55.047 - error! - run for your life!!!!
[DEBUG] 2017-07-08 07:59:22.236 - debug - blah blah crap whatever
[INFO ] 2017-07-08 07:59:22.243 - info - I am curious to know about this
[WARN ] 2017-07-08 07:59:22.244 - warn - oh oh, something not good just happened
[ERROR] 2017-07-08 07:59:22.245 - error! - run for your life!!!!
[DEBUG] 2017-07-08 07:59:26.187 - debug - blah blah crap whatever
[INFO ] 2017-07-08 07:59:26.188 - info - I am curious to know about this
[WARN ] 2017-07-08 07:59:26.188 - warn - oh oh, something not good just happened
[ERROR] 2017-07-08 07:59:26.188 - error! - run for your life!!!!
[DEBUG] 2017-07-08 08:01:25.277 - debug - blah blah crap whatever
[INFO ] 2017-07-08 08:01:25.282 - info - I am curious to know about this
[WARN ] 2017-07-08 08:01:25.285 - warn - oh oh, something not good just happened
[ERROR] 2017-07-08 08:01:25.286 - error! - run for your life!!!!
[DEBUG] 2017-07-08 08:02:32.270 - debug - blah blah crap whatever
[INFO ] 2017-07-08 08:02:32.276 - info - I am curious to know about this
[WARN ] 2017-07-08 08:02:32.277 - warn - oh oh, something not good just happened
[ERROR] 2017-07-08 08:02:32.278 - error! - run for your life!!!!
[DEBUG] 2017-07-08 08:08:33.799 - debug - blah blah crap whatever
[INFO ] 2017-07-08 08:08:33.812 - info - I am curious to know about this
[WARN ] 2017-07-08 08:08:33.814 - warn - oh oh, something not good just happened
[ERROR] 2017-07-08 08:08:33.815 - error! - run for your life!!!!
[DEBUG] 2017-07-08 08:11:11.183 - debug - blah blah crap whatever
[INFO ] 2017-07-08 08:11:11.189 - info - I am curious to know about this
[WARN ] 2017-07-08 08:11:11.190 - warn - oh oh, something not good just happened
[ERROR] 2017-07-08 08:11:11.191 - error! - run for your life!!!!
[DEBUG] 2017-07-08 08:12:26.172 - debug - blah blah crap whatever
[INFO ] 2017-07-08 08:12:26.178 - info - I am curious to know about this
[WARN ] 2017-07-08 08:12:26.179 - warn - oh oh, something not good just happened
[ERROR] 2017-07-08 08:12:26.180 - error! - run for your life!!!!
[DEBUG] 2017-07-08 08:13:48.417 - debug - blah blah crap whatever
[INFO ] 2017-07-08 08:13:48.418 - info - I am curious to know about this
[WARN ] 2017-07-08 08:13:48.419 - warn - oh oh, something not good just happened
[ERROR] 2017-07-08 08:13:48.419 - error! - run for your life!!!!
[DEBUG] 2017-07-08 08:14:48.863 - debug - blah blah crap whatever
[INFO ] 2017-07-08 08:14:48.869 - info - I am curious to know about this
[WARN ] 2017-07-08 08:14:48.870 - warn - oh oh, something not good just happened
[ERROR] 2017-07-08 08:14:48.871 - error! - run for your life!!!!
[DEBUG] 2017-07-08 08:15:16.205 - debug - blah blah crap whatever
[INFO ] 2017-07-08 08:15:16.212 - info - I am curious to know about this
[WARN ] 2017-07-08 08:15:16.214 - warn - oh oh, something not good just happened
[ERROR] 2017-07-08 08:15:16.215 - error! - run for your life!!!!
[DEBUG] 2017-07-08 08:16:30.026 - debug - blah blah crap whatever
[INFO ] 2017-07-08 08:16:30.031 - info - I am curious to know about this
[WARN ] 2017-07-08 08:16:30.033 - warn - oh oh, something not good just happened
[ERROR] 2017-07-08 08:16:30.035 - error! - run for your life!!!!
[DEBUG] 2017-07-08 08:17:49.068 - debug - blah blah crap whatever
[INFO ] 2017-07-08 08:17:49.074 - info - I am curious to know about this
[WARN ] 2017-07-08 08:17:49.075 - warn - oh oh, something not good just happened
[ERROR] 2017-07-08 08:17:49.076 - error! - run for your life!!!!
[DEBUG] 2017-07-08 08:18:21.782 - debug - blah blah crap whatever
[INFO ] 2017-07-08 08:18:21.782 - info - I am curious to know about this
[WARN ] 2017-07-08 08:18:21.782 - warn - oh oh, something not good just happened
[ERROR] 2017-07-08 08:18:21.783 - error! - run for your life!!!!
[DEBUG] 2017-07-08 08:18:37.518 - debug - blah blah crap whatever
[INFO ] 2017-07-08 08:18:37.525 - info - I am curious to know about this
[WARN ] 2017-07-08 08:18:37.528 - warn - oh oh, something not good just happened
[ERROR] 2017-07-08 08:18:37.530 - error! - run for your life!!!!
[DEBUG] 2017-07-08 08:18:57.265 - debug - blah blah crap whatever
[INFO ] 2017-07-08 08:18:57.267 - info - I am curious to know about this
[WARN ] 2017-07-08 08:18:57.267 - warn - oh oh, something not good just happened
[ERROR] 2017-07-08 08:18:57.267 - error! - run for your life!!!!
[DEBUG] 2017-07-08 08:19:33.423 - debug - blah blah crap whatever
[INFO ] 2017-07-08 08:19:33.423 - info - I am curious to know about this
[WARN ] 2017-07-08 08:19:33.423 - warn - oh oh, something not good just happened
[ERROR] 2017-07-08 08:19:33.423 - error! - run for your life!!!!
[DEBUG] 2017-07-08 08:19:44.271 - debug - blah blah crap whatever
[INFO ] 2017-07-08 08:19:44.271 - info - I am curious to know about this
[WARN ] 2017-07-08 08:19:44.271 - warn - oh oh, something not good just happened
[ERROR] 2017-07-08 08:19:44.271 - error! - run for your life!!!!
[DEBUG] 2017-07-08 08:19:59.537 - debug - blah blah crap whatever
[INFO ] 2017-07-08 08:19:59.537 - info - I am curious to know about this
[WARN ] 2017-07-08 08:19:59.537 - warn - oh oh, something not good just happened
[ERROR] 2017-07-08 08:19:59.537 - error! - run for your life!!!!
[DEBUG] 2017-07-08 08:21:30.232 - debug - blah blah crap whatever
[INFO ] 2017-07-08 08:21:30.239 - info - I am curious to know about this
[WARN ] 2017-07-08 08:21:30.241 - warn - oh oh, something not good just happened
[ERROR] 2017-07-08 08:21:30.242 - error! - run for your life!!!!
[DEBUG] 2017-07-08 08:22:30.823 - debug - blah blah crap whatever
[INFO ] 2017-07-08 08:22:30.830 - info - I am curious to know about this
[WARN ] 2017-07-08 08:22:30.834 - warn - oh oh, something not good just happened
[ERROR] 2017-07-08 08:22:30.836 - error! - run for your life!!!!
[DEBUG] 2017-07-08 08:23:40.212 - debug - blah blah crap whatever
[INFO ] 2017-07-08 08:23:40.217 - info - I am curious to know about this
[WARN ] 2017-07-08 08:23:40.219 - warn - oh oh, something not good just happened
[ERROR] 2017-07-08 08:23:40.220 - error! - run for your life!!!!
[DEBUG] 2017-07-08 08:23:43.184 - debug - blah blah crap whatever
[INFO ] 2017-07-08 08:23:43.184 - info - I am curious to know about this
[WARN ] 2017-07-08 08:23:43.185 - warn - oh oh, something not good just happened
[ERROR] 2017-07-08 08:23:43.185 - error! - run for your life!!!!
[DEBUG] 2017-07-08 08:24:40.848 - debug - blah blah crap whatever
[INFO ] 2017-07-08 08:24:40.853 - info - I am curious to know about this
[WARN ] 2017-07-08 08:24:40.854 - warn - oh oh, something not good just happened
[ERROR] 2017-07-08 08:24:40.855 - error! - run for your life!!!!
[DEBUG] 2017-07-08 08:25:14.239 - debug - blah blah crap whatever
[INFO ] 2017-07-08 08:25:14.245 - info - I am curious to know about this
[WARN ] 2017-07-08 08:25:14.246 - warn - oh oh, something not good just happened
[ERROR] 2017-07-08 08:25:14.247 - error! - run for your life!!!!
[DEBUG] 2017-07-08 08:26:45.899 - debug - blah blah crap whatever
[INFO ] 2017-07-08 08:26:45.907 - info - I am curious to know about this
[WARN ] 2017-07-08 08:26:45.909 - warn - oh oh, something not good just happened
[ERROR] 2017-07-08 08:26:45.910 - error! - run for your life!!!!
[DEBUG] 2017-07-08 08:27:23.704 - debug - blah blah crap whatever
[INFO ] 2017-07-08 08:27:23.711 - info - I am curious to know about this
[WARN ] 2017-07-08 08:27:23.712 - warn - oh oh, something not good just happened
[ERROR] 2017-07-08 08:27:23.713 - error! - run for your life!!!!
[DEBUG] 2017-07-08 08:28:46.420 - debug - blah blah crap whatever
[INFO ] 2017-07-08 08:28:46.433 - info - I am curious to know about this
[WARN ] 2017-07-08 08:28:46.435 - warn - oh oh, something not good just happened
[ERROR] 2017-07-08 08:28:46.437 - error! - run for your life!!!!
[DEBUG] 2017-07-08 08:30:04.658 - debug - blah blah crap whatever
[INFO ] 2017-07-08 08:30:04.665 - info - I am curious to know about this
[WARN ] 2017-07-08 08:30:04.666 - warn - oh oh, something not good just happened
[ERROR] 2017-07-08 08:30:04.667 - error! - run for your life!!!!
[DEBUG] 2017-07-08 08:30:53.585 - <table>[cool:boston, hot:pheonix, city:new york, fun:san diego]</table>
[DEBUG] 2017-07-08 08:30:53.591 - debug - blah blah crap whatever
[INFO ] 2017-07-08 08:30:53.592 - info - I am curious to know about this
[WARN ] 2017-07-08 08:30:53.593 - warn - oh oh, something not good just happened
[ERROR] 2017-07-08 08:30:53.595 - error! - run for your life!!!!
[DEBUG] 2017-07-08 08:31:33.423 - <table>[cool:boston, hot:pheonix, city:new york, fun:san diego]</table>
[DEBUG] 2017-07-08 08:31:33.431 - debug - blah blah crap whatever
[INFO ] 2017-07-08 08:31:33.432 - info - I am curious to know about this
[WARN ] 2017-07-08 08:31:33.436 - warn - oh oh, something not good just happened
[ERROR] 2017-07-08 08:31:33.437 - error! - run for your life!!!!
[DEBUG] 2017-07-08 08:32:45.197 - <table>[:]</table>
[DEBUG] 2017-07-08 08:32:45.210 - debug - blah blah crap whatever
[INFO ] 2017-07-08 08:32:45.211 - info - I am curious to know about this
[WARN ] 2017-07-08 08:32:45.212 - warn - oh oh, something not good just happened
[ERROR] 2017-07-08 08:32:45.213 - error! - run for your life!!!!
[DEBUG] 2017-07-08 08:35:54.474 - <table>[cool:boston, hot:pheonix, city:new york, fun:san diego]</table>
[DEBUG] 2017-07-08 08:35:54.491 - debug - blah blah crap whatever
[INFO ] 2017-07-08 08:35:54.493 - info - I am curious to know about this
[WARN ] 2017-07-08 08:35:54.501 - warn - oh oh, something not good just happened
[ERROR] 2017-07-08 08:35:54.504 - error! - run for your life!!!!
[DEBUG] 2017-07-08 08:37:12.682 - debug - blah blah crap whatever
[INFO ] 2017-07-08 08:37:12.690 - info - I am curious to know about this
[WARN ] 2017-07-08 08:37:12.691 - warn - oh oh, something not good just happened
[ERROR] 2017-07-08 08:37:12.694 - error! - run for your life!!!!
[DEBUG] 2017-07-08 08:40:45.147 - debug - blah blah crap whatever
[INFO ] 2017-07-08 08:40:45.154 - info - I am curious to know about this
[WARN ] 2017-07-08 08:40:45.156 - warn - oh oh, something not good just happened
[ERROR] 2017-07-08 08:40:45.157 - error! - run for your life!!!!
[DEBUG] 2017-07-08 08:41:17.288 - debug - blah blah crap whatever
[INFO ] 2017-07-08 08:41:17.290 - info - I am curious to know about this
[WARN ] 2017-07-08 08:41:17.290 - warn - oh oh, something not good just happened
[ERROR] 2017-07-08 08:41:17.291 - error! - run for your life!!!!
[DEBUG] 2017-07-08 08:42:14.695 - debug - blah blah crap whatever
[INFO ] 2017-07-08 08:42:14.700 - info - I am curious to know about this
[WARN ] 2017-07-08 08:42:14.701 - warn - oh oh, something not good just happened
[ERROR] 2017-07-08 08:42:14.702 - error! - run for your life!!!!
[DEBUG] 2017-07-08 08:44:11.103 - debug - blah blah crap whatever
[INFO ] 2017-07-08 08:44:11.108 - info - I am curious to know about this
[WARN ] 2017-07-08 08:44:11.109 - warn - oh oh, something not good just happened
[ERROR] 2017-07-08 08:44:11.110 - error! - run for your life!!!!
